<?xml version="1.0" encoding="utf-8"?><testsuites><testsuite name="pytest" errors="0" failures="0" skipped="0" tests="0" time="0.088" timestamp="2025-03-13T20:56:18.908341+00:00" hostname="Bethel-2.local" /></testsuites>